{"message":"Unauthorized request to path: /bookmarks","level":"error"}
{"message":"Bookmark with id INVALID was not found","level":"error"}
{"message":"Bookmark with id 07b6d67b-a638-47ee-9bc4-583ae00366f9 created","level":"info"}
{"message":"TItle is required","level":"error"}
{"message":"Url is required","level":"error"}
{"message":"Rating is not between 1 and 5","level":"error"}
{"message":"Url length is wrong","level":"error"}
{"message":"Bookmark with id 8sdfbvbs65sd deleted","level":"info"}
{"message":"Bookmark with id INVALID-ID not found","level":"error"}
{"message":"Unauthorized request to path: /bookmarks","level":"error"}
{"message":"Title is required","level":"error"}
{"message":"Bookmark with id 8sdfbvbs65sd deleted","level":"info"}
{"message":"Bookmark with id 6d6155e9-3225-40c2-a71d-40142963ec6d created","level":"info"}
{"message":"Title is required","level":"error"}
{"message":"Unauthorized request to path: /bookmarks","level":"error"}
{"message":"Bookmark with id INVALID was not found","level":"error"}
{"message":"Bookmark with id 3f997b85-84f3-4dea-a94b-8d0193a47b48 created","level":"info"}
{"message":"Title is required","level":"error"}
{"message":"Url is required","level":"error"}
{"message":"Rating is not between 1 and 5","level":"error"}
{"message":"Url length is wrong","level":"error"}
{"message":"Bookmark with id 8sdfbvbs65sd deleted","level":"info"}
{"message":"Bookmark with id INVALID-ID not found","level":"error"}
{"message":"Bookmark with id e215dcdc-002c-4517-b858-eb9ab0775c9f created","level":"info"}
{"message":"Title is required","level":"error"}
{"message":"Url is required","level":"error"}
{"message":"Rating is not between 1 and 5","level":"error"}
{"message":"Url length is wrong","level":"error"}
{"message":"Bookmark with id 8sdfbvbs65sd deleted","level":"info"}
{"message":"Bookmark with id INVALID-ID not found","level":"error"}
{"message":"Bookmark with id b4d01e61-7502-42fb-945c-fa1848eb12f3 created","level":"info"}
{"message":"Title is required","level":"error"}
{"message":"Url is required","level":"error"}
{"message":"Rating is not between 1 and 5","level":"error"}
{"message":"Url length is wrong","level":"error"}
{"message":"Bookmark with id 8sdfbvbs65sd deleted","level":"info"}
{"message":"Bookmark with id INVALID-ID not found","level":"error"}
